<?xml version="1.0" encoding="UTF-8"?>
<testng-results ignored="0" total="3" passed="3" failed="0" skipped="0">
  <reporter-output>
  </reporter-output>
  <suite started-at="2026-04-26T11:42:48 IST" name="Default suite" finished-at="2026-04-26T11:42:48 IST" duration-ms="67">
    <groups>
    </groups>
    <test started-at="2026-04-26T11:42:48 IST" name="Default test" finished-at="2026-04-26T11:42:48 IST" duration-ms="67">
      <class name="day1">
        <test-method is-config="true" signature="first()[pri:0, instance:day1@413d1baf]" started-at="2026-04-26T11:42:48 IST" name="first" finished-at="2026-04-26T11:42:48 IST" duration-ms="12" status="PASS">
          <reporter-output>
          </reporter-output>
        </test-method> <!-- first -->
        <test-method signature="Mobilecharger()[pri:0, instance:day1@413d1baf]" started-at="2026-04-26T11:42:48 IST" name="Mobilecharger" finished-at="2026-04-26T11:42:48 IST" duration-ms="6" status="PASS">
          <reporter-output>
          </reporter-output>
        </test-method> <!-- Mobilecharger -->
        <test-method signature="Mobilename()[pri:0, instance:day1@413d1baf]" started-at="2026-04-26T11:42:48 IST" name="Mobilename" finished-at="2026-04-26T11:42:48 IST" duration-ms="1" status="PASS">
          <reporter-output>
          </reporter-output>
        </test-method> <!-- Mobilename -->
        <test-method signature="name()[pri:0, instance:day1@413d1baf]" started-at="2026-04-26T11:42:48 IST" name="name" finished-at="2026-04-26T11:42:48 IST" duration-ms="4" status="PASS">
          <reporter-output>
          </reporter-output>
        </test-method> <!-- name -->
      </class> <!-- day1 -->
    </test> <!-- Default test -->
  </suite> <!-- Default suite -->
</testng-results>
