<?xml version="1.0" encoding="UTF-8"?>
<testng-results ignored="0" total="2" passed="2" failed="0" skipped="0">
  <reporter-output>
  </reporter-output>
  <suite started-at="2022-12-31T12:42:46 IST" name="Default suite" finished-at="2022-12-31T12:42:46 IST" duration-ms="70">
    <groups>
    </groups>
    <test started-at="2022-12-31T12:42:46 IST" name="Default test" finished-at="2022-12-31T12:42:46 IST" duration-ms="70">
      <class name="Stream1">
        <test-method signature="name()[pri:0, instance:Stream1@7671cb68]" started-at="2022-12-31T12:42:46 IST" name="name" finished-at="2022-12-31T12:42:46 IST" duration-ms="13" status="PASS">
          <reporter-output>
          </reporter-output>
        </test-method> <!-- name -->
        <test-method signature="sum()[pri:0, instance:Stream1@7671cb68]" started-at="2022-12-31T12:42:46 IST" name="sum" finished-at="2022-12-31T12:42:46 IST" duration-ms="5" status="PASS">
          <reporter-output>
          </reporter-output>
        </test-method> <!-- sum -->
      </class> <!-- Stream1 -->
    </test> <!-- Default test -->
  </suite> <!-- Default suite -->
</testng-results>
